1581844689407	mozrunner::runner	INFO	Running command: "C:\\Program Files (x86)\\Mozilla Firefox\\firefox.exe" "-marionette" "-foreground" "-no-remote" "-profile" "C:\\Users\\wbq\\AppData\\Local\\Temp\\rust_mozprofileEmYW50"
1581844773174	mozrunner::runner	INFO	Running command: "C:\\Program Files (x86)\\Mozilla Firefox\\firefox.exe" "-marionette" "-foreground" "-no-remote" "-profile" "C:\\Users\\wbq\\AppData\\Local\\Temp\\rust_mozprofilevwu1R0"
1581844773721	addons.webextension.screenshots@mozilla.org	WARN	Loading extension 'screenshots@mozilla.org': Reading manifest: Invalid extension permission: mozillaAddons
1581844773721	addons.webextension.screenshots@mozilla.org	WARN	Loading extension 'screenshots@mozilla.org': Reading manifest: Invalid extension permission: telemetry
1581844773731	addons.webextension.screenshots@mozilla.org	WARN	Loading extension 'screenshots@mozilla.org': Reading manifest: Invalid extension permission: resource://pdf.js/
1581844773731	addons.webextension.screenshots@mozilla.org	WARN	Loading extension 'screenshots@mozilla.org': Reading manifest: Invalid extension permission: about:reader*
JavaScript error: resource://gre/modules/XULStore.jsm, line 66: Error: Can't find profile directory.
1581844776056	Marionette	INFO	Listening on port 50134
1581844776390	Marionette	WARN	TLS certificate errors will be ignored for this session
[Child 19404, Chr[Child 21400, Chrome_ChildThread] WARNING: pipe error: 109: file z:/task_1575281455/build/src/iopmce/_cChhriolmdiThread] WARNINGum/src/chrome/common/ipc_channel_win.c:c, line 341
 pipe error[Child: 109: file z:/task_1575281455/build/src/ipc/chromium/src/chrome/common/ipc_channel_win.cc, line 341
[Child 21224, Chrome_ChildThread] WARNING: pipe error: 109: file z:/task_1575281455/build/src/ipc/chromium/src/chrome/common/ipc_channel_win.cc, line 341
[Chi1581845019843	Marionette	INFO	Stopped listening on port 50134
[GPU 17672, C
###!!! [Child][MessageChannel::SendAndWait] Error: Channel error: cannot send/recv

ion 'screenshots@mozilla.org': Reading manifest: Invalid extension permission: resource://pdf.js/
1581844998772	addons.webextension.screenshots@mozilla.org	WARN	Loading extension 'screenshots@mozilla.org': Reading manifest: Invalid extension permission: about:reader*
JavaScript error: resource://gre/modules/XULStore.jsm, line 66: Error: Can't find profile directory.
1581845001070	Marionette	INFO	Listening on port 50322
[Parent 8532, Gecko_IOThread] WARNING: pipe error: 109: file z:/task_1575281455/build/src/ipc/chromium/src/chrome/common/ipc_channel_win.cc, line 341
[Parent 8532, Gecko_IOThread] WARNING: pipe error: 109: file z:/task_1575281455/build/src/ipc/chromium/src/chrome/common/ipc_channel_win.cc, line 341
[Child 4784, Chrome_ChildThread] WARNING: pipe error: [1C09: file z:/thask_1575281455i/lbd 15220, Chrome_ChildThurieald/src/ipcd] WARNING: pipe error: 109: fil/cehromium/src/chrome/common/ipc_channel_win.cc, line 341
 z:/task_1575281455/build/src/ipc/chromium/src/chrome/common/ipc_channel_win.cc, line 341
[Child 6208, Chrome_ChildThread] WARNING: pipe error: 109: file z:/task_1575281455/build/src/ipc/chromium/src/chrome/common/ipc_channel_win.cc, line 341
[Chi1581845016199	Marionette	INFO	Stopped listening on port 50322
[GPU 13252
###!!! [Child][MessageChannel::SendAndWait] Error: Channel error: cannot send/recv

1581845029822	mozrunner::runner	INFO	Running command: "C:\\Program Files (x86)\\Mozilla Firefox\\firefox.exe" "-marionette" "-foreground" "-no-remote" "-profile" "C:\\Users\\wbq\\AppData\\Local\\Temp\\rust_mozprofileAMkPbA"
1581845030360	addons.webextension.screenshots@mozilla.org	WARN	Loading extension 'screenshots@mozilla.org': Reading manifest: Invalid extension permission: mozillaAddons
1581845030360	addons.webextension.screenshots@mozilla.org	WARN	Loading extension 'screenshots@mozilla.org': Reading manifest: Invalid extension permission: telemetry
1581845030361	addons.webextension.screenshots@mozilla.org	WARN	Loading extension 'screenshots@mozilla.org': Reading manifest: Invalid extension permission: resource://pdf.js/
1581845030361	addons.webextension.screenshots@mozilla.org	WARN	Loading extension 'screenshots@mozilla.org': Reading manifest: Invalid extension permission: about:reader*
JavaScript error: resource://gre/modules/XULStore.jsm, line 66: Error: Can't find profile directory.
1581845032725	Marionette	INFO	Listening on port 50391
1581845032987	Marionette	WARN	TLS certificate errors will be ignored for this session
[[Child 19000, Chrome_ChildThread] WARNING: pipe error: 109: file z:/task_1575281455/build/src/ipc/chromium/src/chrome/common/ipc_channel_win.cc, line 341
[Ch1581845036595	Marionette	INFO	Stopped listening on port 50391

###!!! [Child][RunMessage] Error: Channel closing: too late to send/recv, messages will be lost

[GPU 1520,
###!!! [Child][MessageChannel::SendAndWait] Error: Channel error: cannot send/recv

1581845273122	mozrunner::runner	INFO	Running command: "C:\\Program Files (x86)\\Mozilla Firefox\\firefox.exe" "-marionette" "-foreground" "-no-remote" "-profile" "C:\\Users\\wbq\\AppData\\Local\\Temp\\rust_mozprofilemLcJqq"
1581845273708	addons.webextension.screenshots@mozilla.org	WARN	Loading extension 'screenshots@mozilla.org': Reading manifest: Invalid extension permission: mozillaAddons
1581845273708	addons.webextension.screenshots@mozilla.org	WARN	Loading extension 'screenshots@mozilla.org': Reading manifest: Invalid extension permission: telemetry
1581845273709	addons.webextension.screenshots@mozilla.org	WARN	Loading extension 'screenshots@mozilla.org': Reading manifest: Invalid extension permission: resource://pdf.js/
1581845273709	addons.webextension.screenshots@mozilla.org	WARN	Loading extension 'screenshots@mozilla.org': Reading manifest: Invalid extension permission: about:reader*
JavaScript error: resource://gre/modules/XULStore.jsm, line 66: Error: Can't find profile directory.
1581845275674	Marionette	INFO	Listening on port 50545
1581845275788	Marionette	WARN	TLS certificate errors will be ignored for this session
1581845280752	Marionette	INFO	Stopped listening on port 50545
[Child 22132, Chrome_ChildThread] WARNING: pipe error: 109: file z:/task_1575281455/build/src/ipc/chromium/src/chrome/common/ipc_channel_win.cc, line 341
[Chil[Child 21924, Chrome_ChildThread] WARNING: pipe error: 109: file z:/task_1575281455/build/src/ipc/chromium/src/chrome/common/ipc_channel_win.cc, line 341
[Child 21924, Chrome_ChildThre[Child 22516, Chrome_ChildThread] WARNING: pipe error: 109: file z:/task_1575281455/build/src/ipc/chromium/src/chrome/common/ipc_channel_win.cc, line 341
[Chi[GPU 8228,
###!!! [Child][RunMessage] Error: Channel closing: too late to send/recv, messages will be lost


###!!! [Child][MessageChannel::SendAndWait] Error: Channel error: cannot send/recv

1581846217440	mozrunner::runner	INFO	Running command: "C:\\Program Files (x86)\\Mozilla Firefox\\firefox.exe" "-marionette" "-foreground" "-no-remote" "-profile" "C:\\Users\\wbq\\AppData\\Local\\Temp\\rust_mozprofileXegm8t"
1581846217976	addons.webextension.screenshots@mozilla.org	WARN	Loading extension 'screenshots@mozilla.org': Reading manifest: Invalid extension permission: mozillaAddons
1581846217977	addons.webextension.screenshots@mozilla.org	WARN	Loading extension 'screenshots@mozilla.org': Reading manifest: Invalid extension permission: telemetry
1581846217977	addons.webextension.screenshots@mozilla.org	WARN	Loading extension 'screenshots@mozilla.org': Reading manifest: Invalid extension permission: resource://pdf.js/
1581846217977	addons.webextension.screenshots@mozilla.org	WARN	Loading extension 'screenshots@mozilla.org': Reading manifest: Invalid extension permission: about:reader*
JavaScript error: resource://gre/modules/XULStore.jsm, line 66: Error: Can't find profile directory.
1581846220370	Marionette	INFO	Listening on port 50933
[Child 16840, Chrome_ChildThread] WARNING: pipe error: 109: file z:/task_1575281455/build/src/ipc/chromium/src/chrome/common/ipc_channel_win.cc, line 341
[Child 16840, Chrome_ChildThread] WARNING: pipe error: 109: file z:/task_1575281455/build/src/ipc/chromium/src/chrome/common/ipc_channel_win.cc, line 341
[Parent 14856, Gecko_IOThread] WARNING: pipe error: 109: file z:/task_1575281455/build/src/ipc/chromium/src/chrome/common/ipc_channel_win.cc, line 341
[Child 21628, Chrome_ChildThread] WARNING: pipe error: 109: file z:/task_1575281455/build/src/ipc/chromium/src/chrome/common/ipc_channel_win.cc, line 341
[Chi1581846264190	Marionette	INFO	Stopped listening on port 50933
[GPU 1
###!!! [Child][RunMessage] Error: Channel closing: too late to send/recv, messages will be lost


###!!! [Child][MessageChannel::SendAndWait] Error: Channel error: cannot send/recv

1581846271440	mozrunner::runner	INFO	Running command: "C:\\Program Files (x86)\\Mozilla Firefox\\firefox.exe" "-marionette" "-foreground" "-no-remote" "-profile" "C:\\Users\\wbq\\AppData\\Local\\Temp\\rust_mozprofileqecCnv"
1581846272002	addons.webextension.screenshots@mozilla.org	WARN	Loading extension 'screenshots@mozilla.org': Reading manifest: Invalid extension permission: mozillaAddons
1581846272003	addons.webextension.screenshots@mozilla.org	WARN	Loading extension 'screenshots@mozilla.org': Reading manifest: Invalid extension permission: telemetry
1581846272003	addons.webextension.screenshots@mozilla.org	WARN	Loading extension 'screenshots@mozilla.org': Reading manifest: Invalid extension permission: resource://pdf.js/
1581846272003	addons.webextension.screenshots@mozilla.org	WARN	Loading extension 'screenshots@mozilla.org': Reading manifest: Invalid extension permission: about:reader*
JavaScript error: resource://gre/modules/XULStore.jsm, line 66: Error: Can't find profile directory.
1581846274757	Marionette	INFO	Listening on port 50994
1581846275149	Marionette	WARN	TLS certificate errors will be ignored for this session
[Parent 19968, Gecko_IOThread] WARNING: pipe error: 109: file z:/task_1575281455/build/src/ipc/chromium/src/chrome/common/ipc_channel_win.cc, line 341
[Child 2736, Chrome_ChildThread] WARNING: pipe error: 109: file z:/task_1575281455/build/src/ipc/chromium/src/chrome/common/ipc_channel_win.cc, line 341
[Child 2736, Chrome_ChilJavaScript error: resource:///modules/sessionstore/SessionStore.jsm, line 1845: TypeError: subject.QueryInterface is not a function
A content process crashed and MOZ_CRASHREPORTER_SHUTDOWN is set, shutting down
[Parent 19968, Gecko_IOThread] WARNING: pipe error: 109: file z:/task_1575281455/build/src/ipc/chromium/src/chrome/common/ipc_channel_win.cc, line 341
[Child 5788, Chrome_ChildThread] WARNING: pipe error: 109: file z:/task_1575281455/build/src/ipc/chromium/src/chrome/common/ipc_channel_win.cc, line 341
[Ch1581846350372	Marionette	INFO	Stopped listening on port 50994
[GPU 14936
###!!! [Child][RunMessage] Error: Channel closing: too late to send/recv, messages will be lost


###!!! [Child][MessageChannel::SendAndWait] Error: Channel error: cannot send/recv

1581846377380	mozrunner::runner	INFO	Running command: "C:\\Program Files (x86)\\Mozilla Firefox\\firefox.exe" "-marionette" "-foreground" "-no-remote" "-profile" "C:\\Users\\wbq\\AppData\\Local\\Temp\\rust_mozprofileqM94rB"
1581846377923	addons.webextension.screenshots@mozilla.org	WARN	Loading extension 'screenshots@mozilla.org': Reading manifest: Invalid extension permission: mozillaAddons
1581846377923	addons.webextension.screenshots@mozilla.org	WARN	Loading extension 'screenshots@mozilla.org': Reading manifest: Invalid extension permission: telemetry
1581846377923	addons.webextension.screenshots@mozilla.org	WARN	Loading extension 'screenshots@mozilla.org': Reading manifest: Invalid extension permission: resource://pdf.js/
1581846377923	addons.webextension.screenshots@mozilla.org	WARN	Loading extension 'screenshots@mozilla.org': Reading manifest: Invalid extension permission: about:reader*
JavaScript error: resource://gre/modules/XULStore.jsm, line 66: Error: Can't find profile directory.
1581846380202	Marionette	INFO	Listening on port 51085
1581846380520	Marionette	WARN	TLS certificate errors will be ignored for this session
Marionette threw an error: TypeError: this.curBrowser.contentBrowser is null
GeckoDriver.prototype.get@chrome://marionette/content/driver.js:1138:3
observe@resource://gre/modules/AsyncShutdown.jsm:551:16

[Child 15JavaScript error: resource:///modules/sessionstore/SessionStore.jsm, line 1845: TypeError: subject.QueryInterface is not a function
A content process crashed and MOZ_CRASHREPORTER_SHUTDOWN is set, shutting down
JavaScript error: resource:///modules/sessionstore/SessionStore.jsm, line 1845: TypeError: subject.QueryInterface is not a function
A content process crashed and MOZ_CRASHREPORTER_SHUTDOWN is set, shutting down
JavaScript error: chrome://marionette/content/proxy.js, line 222: TypeError: this.browser.driver.dialogObserver is null
[Child 3152, Chrome_ChildThread] WARNING: pipe error: 109: file z:/task_1575281455/build/src/ipc/chromium/src/chrome/common/ipc_channel_win.cc, line 341
[Ch1581846405290	Marionette	INFO	Stopped listening on port 51085
[GPU 12248,
###!!! [Child][MessageChannel::SendAndWait] Error: Channel error: cannot send/recv

1581846499120	mozrunner::runner	INFO	Running command: "C:\\Program Files (x86)\\Mozilla Firefox\\firefox.exe" "-marionette" "-foreground" "-no-remote" "-profile" "C:\\Users\\wbq\\AppData\\Local\\Temp\\rust_mozprofilekKGqEz"
1581846499675	addons.webextension.screenshots@mozilla.org	WARN	Loading extension 'screenshots@mozilla.org': Reading manifest: Invalid extension permission: mozillaAddons
1581846499676	addons.webextension.screenshots@mozilla.org	WARN	Loading extension 'screenshots@mozilla.org': Reading manifest: Invalid extension permission: telemetry
1581846499676	addons.webextension.screenshots@mozilla.org	WARN	Loading extension 'screenshots@mozilla.org': Reading manifest: Invalid extension permission: resource://pdf.js/
1581846499676	addons.webextension.screenshots@mozilla.org	WARN	Loading extension 'screenshots@mozilla.org': Reading manifest: Invalid extension permission: about:reader*
JavaScript error: resource://gre/modules/XULStore.jsm, line 66: Error: Can't find profile directory.
1581846502006	Marionette	INFO	Listening on port 51502
1581846502308	Marionette	WARN	TLS certificate errors will be ignored for this session
JavaScript warning: https://www.zhipin.com/web/common/security-js/d3a5a21c.js line 1 > Function, line 4: Error: Script terminated by timeout at:
anonymous@https://www.zhipin.com/web/common/security-js/d3a5a21c.js line 1 > Function:4:1
_0x5e6b2c@https://www.zhipin.com/web/common/security-js/d3a5a21c.js:1:17644
@https://www.zhipin.com/web/common/security-js/d3a5a21c.js:1:13934
uje_@https://www.zhipin.com/web/common/security-js/d3a5a21c.js:1:15160
@https://www.zhipin.com/web/common/security-js/d3a5a21c.js:1:15361

[Child 15268, Chrome_ChildThread] WARNING: pipe error: 109: file z:/task_1575281455/build/src/ipc/chromium/src/chrome/common/ipc_channel_win.cc, line 341
[Child JavaScript error: resource:///modules/sessionstore/SessionStore.jsm, line 1845: TypeError: subject.QueryInterface is not a function
A content process crashed and MOZ_CRASHREPORTER_SHUTDOWN is set, shutting down
JavaScript error: resource:///modules/sessionstore/SessionStore.jsm, line 1845: TypeError: subject.QueryInterface is not a function
A content process crashed and MOZ_CRASHREPORTER_SHUTDOWN is set, shutting down
[Child 7104, Chrome_ChildThread] WARNING: pipe error: 109: file z:/task_1575281455/build/src/ipc/chromium/src/chrome/common/ipc_channel_win.cc, line 341
[C1581846582201	Marionette	INFO	Stopped listening on port 51502
[GPU 952, 
###!!! [Child][MessageChannel::SendAndWait] Error: Channel error: cannot send/recv

[ERROR bitsdownload::bits_interface::monitor] Unable to dispatch to thread: NS_ERROR_ILLEGAL_DURING_SHUTDOWN
1581846634028	mozrunner::runner	INFO	Running command: "C:\\Program Files (x86)\\Mozilla Firefox\\firefox.exe" "-marionette" "-foreground" "-no-remote" "-profile" "C:\\Users\\wbq\\AppData\\Local\\Temp\\rust_mozprofileLEmkVL"
1581846634574	addons.webextension.screenshots@mozilla.org	WARN	Loading extension 'screenshots@mozilla.org': Reading manifest: Invalid extension permission: mozillaAddons
1581846634575	addons.webextension.screenshots@mozilla.org	WARN	Loading extension 'screenshots@mozilla.org': Reading manifest: Invalid extension permission: telemetry
1581846634575	addons.webextension.screenshots@mozilla.org	WARN	Loading extension 'screenshots@mozilla.org': Reading manifest: Invalid extension permission: resource://pdf.js/
1581846634575	addons.webextension.screenshots@mozilla.org	WARN	Loading extension 'screenshots@mozilla.org': Reading manifest: Invalid extension permission: about:reader*
JavaScript error: resource://gre/modules/XULStore.jsm, line 66: Error: Can't find profile directory.
1581846636983	Marionette	INFO	Listening on port 51598
[Child 21480, Chrome_ChildThread] WARNING: pipe error: 109: file z:/task_1575281455/build/src/ip[Chci/lcdh r7o9m44, Cihurmome_ChildThread] WARNING: pipe error: 109: file z:/task_15752814/5src/chrome/common/ipc_c5h/abnunielld_/win.cc, line 341src/ipc/c
hromium/src/chrome/common/ipc_channel_win.cc, line 341
[Chil1581846649583	Marionette	INFO	Stopped listening on port 51598
[GPU 20180
###!!! [Child][MessageChannel::SendAndWait] Error: Channel error: cannot send/recv

[ERROR bitsdownload::bits_interface::monitor] Unable to dispatch to thread: NS_ERROR_ILLEGAL_DURING_SHUTDOWN
1581846660971	mozrunner::runner	INFO	Running command: "C:\\Program Files (x86)\\Mozilla Firefox\\firefox.exe" "-marionette" "-foreground" "-no-remote" "-profile" "C:\\Users\\wbq\\AppData\\Local\\Temp\\rust_mozprofilezfccwV"
1581846661504	addons.webextension.screenshots@mozilla.org	WARN	Loading extension 'screenshots@mozilla.org': Reading manifest: Invalid extension permission: mozillaAddons
1581846661504	addons.webextension.screenshots@mozilla.org	WARN	Loading extension 'screenshots@mozilla.org': Reading manifest: Invalid extension permission: telemetry
1581846661504	addons.webextension.screenshots@mozilla.org	WARN	Loading extension 'screenshots@mozilla.org': Reading manifest: Invalid extension permission: resource://pdf.js/
1581846661504	addons.webextension.screenshots@mozilla.org	WARN	Loading extension 'screenshots@mozilla.org': Reading manifest: Invalid extension permission: about:reader*
JavaScript error: resource://gre/modules/XULStore.jsm, line 66: Error: Can't find profile directory.
1581846663741	Marionette	INFO	Listening on port 51642
1581846664155	Marionette	WARN	TLS certificate errors will be ignored for this session
JavaScript error: resource:///modules/sessionstore/SessionStore.jsm, line 1845: TypeError: subject.QueryInterface is not a function
A content process crashed and MOZ_CRASHREPORTER_SHUTDOWN is set, shutting down
[Parent 9244, Gecko_IOThread] WARNING: pipe error: 109: file z:/task_1575281455/build/src/ipc/chromium/src/chrome/common/ipc_channel_win.cc, line 341
1581846675773	Marionette	INFO	Stopped listening on port 51642

###!!! [Child][RunMessage] Error: Channel closing: too late to send/recv, messages will be lost

[GPU 21340, Ch
###!!! [Child][MessageChannel::SendAndWait] Error: Channel error: cannot send/recv

[ERROR bitsdownload::bits_interface::monitor] Unable to dispatch to thread: NS_ERROR_ILLEGAL_DURING_SHUTDOWN
1581859928763	mozrunner::runner	INFO	Running command: "C:\\Program Files (x86)\\Mozilla Firefox\\firefox.exe" "-marionette" "-foreground" "-no-remote" "-profile" "C:\\Users\\wbq\\AppData\\Local\\Temp\\rust_mozprofilel5m3q7"
1581859930480	addons.webextension.screenshots@mozilla.org	WARN	Loading extension 'screenshots@mozilla.org': Reading manifest: Invalid extension permission: mozillaAddons
1581859930480	addons.webextension.screenshots@mozilla.org	WARN	Loading extension 'screenshots@mozilla.org': Reading manifest: Invalid extension permission: telemetry
1581859930480	addons.webextension.screenshots@mozilla.org	WARN	Loading extension 'screenshots@mozilla.org': Reading manifest: Invalid extension permission: resource://pdf.js/
1581859930480	addons.webextension.screenshots@mozilla.org	WARN	Loading extension 'screenshots@mozilla.org': Reading manifest: Invalid extension permission: about:reader*
JavaScript error: resource://gre/modules/XULStore.jsm, line 66: Error: Can't find profile directory.
1581859933001	Marionette	INFO	Listening on port 49965
[Parent 8216, Gecko_IOThread] WARNING: pipe error: 109: file z:/task_1575281455/build/src/ipc/chromium/src/chrome/common/ipc_channel_win.cc, line 341
[Child 7484, Chrome_ChildThread] WARNING: pipe error: 109: file z:/task_1575281455/build/src/ipc/chromium/src/chrome/common/ipc_channel_win.cc, line 341
[Child 7484, Chrome_ChildThread] WARNING: pipe error: 109: file z:/task_1575281455/build/src/ipc/chromium/src/chrome/common/ipc_channel_win.cc, line 341
1581859944696	Marionette	INFO	Stopped listening on port 49965
[GP
###!!! [Child][RunMessage] Error: Channel closing: too late to send/recv, messages will be lost

U 19020, Chro
###!!! [Child][MessageChannel::SendAndWait] Error: Channel error: cannot send/recv

JavaScript error: resource://gre/modules/DeferredTask.jsm, line 195: Error: Unable to arm timer, the object has been finalized.
JavaScript error: resource://gre/modules/UpdateService.jsm, line 4694: NS_ERROR_XPC_JAVASCRIPT_ERROR_WITH_DETAILS: [JavaScript Error: "Unable to arm timer, the object has been finalized." {file: "resource://gre/modules/DeferredTask.jsm" line: 195}]'[JavaScript Error: "Unable to arm timer, the object has been finalized." {file: "resource://gre/modules/DeferredTask.jsm" line: 195}]' when calling method: [nsIUpdateManager::saveUpdates]
59956666	addons.webextension.screenshots@mozilla.org	WARN	Loading extension 'screenshots@mozilla.org': Reading manifest: Invalid extension permission: resource://pdf.js/
1581859956666	addons.webextension.screenshots@mozilla.org	WARN	Loading extension 'screenshots@mozilla.org': Reading manifest: Invalid extension permission: about:reader*
JavaScript error: resource://gre/modules/XULStore.jsm, line 66: Error: Can't find profile directory.
1581859959671	Marionette	INFO	Listening on port 50034
[Child 680, Chrome_Chil[Parent 7360, Gecko_IOThread] WARNING: pipe error: 109: file z:/task_1575281455/build/src/ipc/chromium/src/chrome/common/ipc_channel_win.cc, line 341
[Child 1392, Chrome_ChildThread] WARNING: pipe error: 109: file z:/task_1575281455/build/src/ipc/chromium/src/chrome/common/ipc_channel_win.cc, line 341
[Chi1581860017389	Marionette	INFO	Stopped listening on port 50034
[GPU 216
###!!! [Child][MessageChannel::SendAndWait] Error: Channel error: cannot send/recv

zilla.org': Reading manifest: Invalid extension permission: telemetry
1581859995718	addons.webextension.screenshots@mozilla.org	WARN	Loading extension 'screenshots@mozilla.org': Reading manifest: Invalid extension permission: resource://pdf.js/
1581859995718	addons.webextension.screenshots@mozilla.org	WARN	Loading extension 'screenshots@mozilla.org': Reading manifest: Invalid extension permission: about:reader*
JavaScript error: resource://gre/modules/XULStore.jsm, line 66: Error: Can't find profile directory.
1581859998426	Marionette	INFO	Listening on port 50120
[Child 13196, Chrome_Chi1581860019848	Marionette	INFO	Stopped listening on port 50120

###!!! [Child][RunMessage] Error: Channel closing: too late to send/recv, messages will be lost

[GPU 19
###!!! [Child][MessageChannel::SendAndWait] Error: Channel error: cannot send/recv

1581860181626	mozrunner::runner	INFO	Running command: "C:\\Program Files (x86)\\Mozilla Firefox\\firefox.exe" "-marionette" "-foreground" "-no-remote" "-profile" "C:\\Users\\wbq\\AppData\\Local\\Temp\\rust_mozprofilepsnvNu"
1581860285913	mozrunner::runner	INFO	Running command: "C:\\Program Files (x86)\\Mozilla Firefox\\firefox.exe" "-marionette" "-foreground" "-no-remote" "-profile" "C:\\Users\\wbq\\AppData\\Local\\Temp\\rust_mozprofileiEQAld"
1581860287056	addons.webextension.doh-rollout@mozilla.org	WARN	Loading extension 'doh-rollout@mozilla.org': Reading manifest: Invalid extension permission: networkStatus
1581860287103	addons.webextension.screenshots@mozilla.org	WARN	Loading extension 'screenshots@mozilla.org': Reading manifest: Invalid extension permission: mozillaAddons
1581860287103	addons.webextension.screenshots@mozilla.org	WARN	Loading extension 'screenshots@mozilla.org': Reading manifest: Invalid extension permission: telemetry
1581860287103	addons.webextension.screenshots@mozilla.org	WARN	Loading extension 'screenshots@mozilla.org': Reading manifest: Invalid extension permission: resource://pdf.js/
1581860287103	addons.webextension.screenshots@mozilla.org	WARN	Loading extension 'screenshots@mozilla.org': Reading manifest: Invalid extension permission: about:reader*
JavaScript error: resource://gre/modules/XULStore.jsm, line 66: Error: Can't find profile directory.
1581860289632	Marionette	INFO	Listening on port 50557
1581860341293	Marionette	INFO	Stopped listening on port 50557

###!!! [Child][RunMessage] Error: Channel closing: too late to send/recv, messages will be lost


###!!! [Child][MessageChannel::SendAndWait] Error: Channel error: cannot send/recv

1581860349888	mozrunner::runner	INFO	Running command: "C:\\Program Files (x86)\\Mozilla Firefox\\firefox.exe" "-marionette" "-foreground" "-no-remote" "-profile" "C:\\Users\\wbq\\AppData\\Local\\Temp\\rust_mozprofilex0iDjw"
1581860351304	addons.webextension.doh-rollout@mozilla.org	WARN	Loading extension 'doh-rollout@mozilla.org': Reading manifest: Invalid extension permission: networkStatus
1581860351340	addons.webextension.screenshots@mozilla.org	WARN	Loading extension 'screenshots@mozilla.org': Reading manifest: Invalid extension permission: mozillaAddons
1581860351340	addons.webextension.screenshots@mozilla.org	WARN	Loading extension 'screenshots@mozilla.org': Reading manifest: Invalid extension permission: telemetry
1581860351340	addons.webextension.screenshots@mozilla.org	WARN	Loading extension 'screenshots@mozilla.org': Reading manifest: Invalid extension permission: resource://pdf.js/
1581860351341	addons.webextension.screenshots@mozilla.org	WARN	Loading extension 'screenshots@mozilla.org': Reading manifest: Invalid extension permission: about:reader*
JavaScript error: resource://gre/modules/XULStore.jsm, line 66: Error: Can't find profile directory.
1581860353499	Marionette	INFO	Listening on port 50675
1581860358379	Marionette	INFO	Stopped listening on port 50675

###!!! [Child][RunMessage] Error: Channel closing: too late to send/recv, messages will be lost


###!!! [Child][MessageChannel::SendAndWait] Error: Channel error: cannot send/recv

1581860388061	mozrunner::runner	INFO	Running command: "C:\\Program Files (x86)\\Mozilla Firefox\\firefox.exe" "-marionette" "-foreground" "-no-remote" "-profile" "C:\\Users\\wbq\\AppData\\Local\\Temp\\rust_mozprofilekd2Xce"
1581860389696	addons.webextension.doh-rollout@mozilla.org	WARN	Loading extension 'doh-rollout@mozilla.org': Reading manifest: Invalid extension permission: networkStatus
1581860390049	addons.webextension.screenshots@mozilla.org	WARN	Loading extension 'screenshots@mozilla.org': Reading manifest: Invalid extension permission: mozillaAddons
1581860390049	addons.webextension.screenshots@mozilla.org	WARN	Loading extension 'screenshots@mozilla.org': Reading manifest: Invalid extension permission: telemetry
1581860390050	addons.webextension.screenshots@mozilla.org	WARN	Loading extension 'screenshots@mozilla.org': Reading manifest: Invalid extension permission: resource://pdf.js/
1581860390050	addons.webextension.screenshots@mozilla.org	WARN	Loading extension 'screenshots@mozilla.org': Reading manifest: Invalid extension permission: about:reader*
JavaScript error: resource://gre/modules/XULStore.jsm, line 66: Error: Can't find profile directory.
1581860392321	Marionette	INFO	Listening on port 50747
1581860392819	Marionette	WARN	TLS certificate errors will be ignored for this session
1581860404631	Marionette	INFO	Stopped listening on port 50747

###!!! [Child][RunMessage] Error: Channel closing: too late to send/recv, messages will be lost


###!!! [Child][MessageChannel::SendAndWait] Error: Channel error: cannot send/recv

1581860439913	mozrunner::runner	INFO	Running command: "C:\\Program Files (x86)\\Mozilla Firefox\\firefox.exe" "-marionette" "-foreground" "-no-remote" "-profile" "C:\\Users\\wbq\\AppData\\Local\\Temp\\rust_mozprofile2tIx3A"
1581860441477	addons.webextension.doh-rollout@mozilla.org	WARN	Loading extension 'doh-rollout@mozilla.org': Reading manifest: Invalid extension permission: networkStatus
1581860441786	addons.webextension.screenshots@mozilla.org	WARN	Loading extension 'screenshots@mozilla.org': Reading manifest: Invalid extension permission: mozillaAddons
1581860441786	addons.webextension.screenshots@mozilla.org	WARN	Loading extension 'screenshots@mozilla.org': Reading manifest: Invalid extension permission: telemetry
1581860441786	addons.webextension.screenshots@mozilla.org	WARN	Loading extension 'screenshots@mozilla.org': Reading manifest: Invalid extension permission: resource://pdf.js/
1581860441786	addons.webextension.screenshots@mozilla.org	WARN	Loading extension 'screenshots@mozilla.org': Reading manifest: Invalid extension permission: about:reader*
JavaScript error: resource://gre/modules/XULStore.jsm, line 66: Error: Can't find profile directory.
1581860444106	Marionette	INFO	Listening on port 50860
1581860444148	Marionette	WARN	TLS certificate errors will be ignored for this session
1581860462941	Marionette	INFO	Stopped listening on port 50860

###!!! [Child][RunMessage] Error: Channel closing: too late to send/recv, messages will be lost


###!!! [Child][MessageChannel::SendAndWait] Error: Channel error: cannot send/recv

1581860525400	mozrunner::runner	INFO	Running command: "C:\\Program Files (x86)\\Mozilla Firefox\\firefox.exe" "-marionette" "-foreground" "-no-remote" "-profile" "C:\\Users\\wbq\\AppData\\Local\\Temp\\rust_mozprofileC9eyuD"
1581860526392	addons.webextension.doh-rollout@mozilla.org	WARN	Loading extension 'doh-rollout@mozilla.org': Reading manifest: Invalid extension permission: networkStatus
1581860526554	addons.webextension.screenshots@mozilla.org	WARN	Loading extension 'screenshots@mozilla.org': Reading manifest: Invalid extension permission: mozillaAddons
1581860526554	addons.webextension.screenshots@mozilla.org	WARN	Loading extension 'screenshots@mozilla.org': Reading manifest: Invalid extension permission: telemetry
1581860526554	addons.webextension.screenshots@mozilla.org	WARN	Loading extension 'screenshots@mozilla.org': Reading manifest: Invalid extension permission: resource://pdf.js/
1581860526554	addons.webextension.screenshots@mozilla.org	WARN	Loading extension 'screenshots@mozilla.org': Reading manifest: Invalid extension permission: about:reader*
JavaScript error: resource://gre/modules/XULStore.jsm, line 66: Error: Can't find profile directory.
1581860529355	Marionette	INFO	Listening on port 51047
1581860529787	Marionette	WARN	TLS certificate errors will be ignored for this session
JavaScript error: resource:///modules/sessionstore/SessionStore.jsm, line 1845: TypeError: subject.QueryInterface is not a function
A content process crashed and MOZ_CRASHREPORTER_SHUTDOWN is set, shutting down
1581860559665	Marionette	INFO	Stopped listening on port 51047

###!!! [Child][RunMessage] Error: Channel closing: too late to send/recv, messages will be lost


###!!! [Child][MessageChannel::SendAndWait] Error: Channel error: cannot send/recv

1581860589631	mozrunner::runner	INFO	Running command: "C:\\Program Files (x86)\\Mozilla Firefox\\firefox.exe" "-marionette" "-foreground" "-no-remote" "-profile" "C:\\Users\\wbq\\AppData\\Local\\Temp\\rust_mozprofilex36r26"
1581860590800	addons.webextension.doh-rollout@mozilla.org	WARN	Loading extension 'doh-rollout@mozilla.org': Reading manifest: Invalid extension permission: networkStatus
1581860590954	addons.webextension.screenshots@mozilla.org	WARN	Loading extension 'screenshots@mozilla.org': Reading manifest: Invalid extension permission: mozillaAddons
1581860590954	addons.webextension.screenshots@mozilla.org	WARN	Loading extension 'screenshots@mozilla.org': Reading manifest: Invalid extension permission: telemetry
1581860590954	addons.webextension.screenshots@mozilla.org	WARN	Loading extension 'screenshots@mozilla.org': Reading manifest: Invalid extension permission: resource://pdf.js/
1581860590955	addons.webextension.screenshots@mozilla.org	WARN	Loading extension 'screenshots@mozilla.org': Reading manifest: Invalid extension permission: about:reader*
JavaScript error: resource://gre/modules/XULStore.jsm, line 66: Error: Can't find profile directory.
1581860593592	Marionette	INFO	Listening on port 51153
1581860610043	Marionette	INFO	Stopped listening on port 51153

###!!! [Child][RunMessage] Error: Channel closing: too late to send/recv, messages will be lost


###!!! [Child][MessageChannel::SendAndWait] Error: Channel error: cannot send/recv

1581860621912	mozrunner::runner	INFO	Running command: "C:\\Program Files (x86)\\Mozilla Firefox\\firefox.exe" "-marionette" "-foreground" "-no-remote" "-profile" "C:\\Users\\wbq\\AppData\\Local\\Temp\\rust_mozprofile6S7Iu2"
1581860623033	addons.webextension.doh-rollout@mozilla.org	WARN	Loading extension 'doh-rollout@mozilla.org': Reading manifest: Invalid extension permission: networkStatus
1581860623204	addons.webextension.screenshots@mozilla.org	WARN	Loading extension 'screenshots@mozilla.org': Reading manifest: Invalid extension permission: mozillaAddons
1581860623204	addons.webextension.screenshots@mozilla.org	WARN	Loading extension 'screenshots@mozilla.org': Reading manifest: Invalid extension permission: telemetry
1581860623204	addons.webextension.screenshots@mozilla.org	WARN	Loading extension 'screenshots@mozilla.org': Reading manifest: Invalid extension permission: resource://pdf.js/
1581860623204	addons.webextension.screenshots@mozilla.org	WARN	Loading extension 'screenshots@mozilla.org': Reading manifest: Invalid extension permission: about:reader*
JavaScript error: resource://gre/modules/XULStore.jsm, line 66: Error: Can't find profile directory.
1581860625927	Marionette	INFO	Listening on port 51217
1581860626415	Marionette	WARN	TLS certificate errors will be ignored for this session
JavaScript error: resource:///modules/sessionstore/SessionStore.jsm, line 1845: TypeError: subject.QueryInterface is not a function
A content process crashed and MOZ_CRASHREPORTER_SHUTDOWN is set, shutting down
1581860876021	Marionette	INFO	Stopped listening on port 51217

###!!! [Child][RunMessage] Error: Channel closing: too late to send/recv, messages will be lost


###!!! [Child][MessageChannel::SendAndWait] Error: Channel error: cannot send/recv

1581860950258	mozrunner::runner	INFO	Running command: "C:\\Program Files (x86)\\Mozilla Firefox\\firefox.exe" "-marionette" "-foreground" "-no-remote" "-profile" "C:\\Users\\wbq\\AppData\\Local\\Temp\\rust_mozprofilelXyvxg"
1581860952069	addons.webextension.doh-rollout@mozilla.org	WARN	Loading extension 'doh-rollout@mozilla.org': Reading manifest: Invalid extension permission: networkStatus
1581860952248	addons.webextension.screenshots@mozilla.org	WARN	Loading extension 'screenshots@mozilla.org': Reading manifest: Invalid extension permission: mozillaAddons
1581860952249	addons.webextension.screenshots@mozilla.org	WARN	Loading extension 'screenshots@mozilla.org': Reading manifest: Invalid extension permission: telemetry
1581860952249	addons.webextension.screenshots@mozilla.org	WARN	Loading extension 'screenshots@mozilla.org': Reading manifest: Invalid extension permission: resource://pdf.js/
1581860952249	addons.webextension.screenshots@mozilla.org	WARN	Loading extension 'screenshots@mozilla.org': Reading manifest: Invalid extension permission: about:reader*
JavaScript error: resource://gre/modules/XULStore.jsm, line 66: Error: Can't find profile directory.
1581860954903	Marionette	INFO	Listening on port 51558
1581860964616	Marionette	INFO	Stopped listening on port 51558

###!!! [Child][RunMessage] Error: Channel closing: too late to send/recv, messages will be lost


###!!! [Child][MessageChannel::SendAndWait] Error: Channel error: cannot send/recv

1581860983033	mozrunner::runner	INFO	Running command: "C:\\Program Files (x86)\\Mozilla Firefox\\firefox.exe" "-marionette" "-foreground" "-no-remote" "-profile" "C:\\Users\\wbq\\AppData\\Local\\Temp\\rust_mozprofileUImaYc"
1581860984450	addons.webextension.doh-rollout@mozilla.org	WARN	Loading extension 'doh-rollout@mozilla.org': Reading manifest: Invalid extension permission: networkStatus
1581860984593	addons.webextension.screenshots@mozilla.org	WARN	Loading extension 'screenshots@mozilla.org': Reading manifest: Invalid extension permission: mozillaAddons
1581860984593	addons.webextension.screenshots@mozilla.org	WARN	Loading extension 'screenshots@mozilla.org': Reading manifest: Invalid extension permission: telemetry
1581860984593	addons.webextension.screenshots@mozilla.org	WARN	Loading extension 'screenshots@mozilla.org': Reading manifest: Invalid extension permission: resource://pdf.js/
1581860984593	addons.webextension.screenshots@mozilla.org	WARN	Loading extension 'screenshots@mozilla.org': Reading manifest: Invalid extension permission: about:reader*
JavaScript error: resource://gre/modules/XULStore.jsm, line 66: Error: Can't find profile directory.
1581860986976	Marionette	INFO	Listening on port 51608
1581860987602	Marionette	WARN	TLS certificate errors will be ignored for this session
WebGL(2673FC00)::ForceLoseContext
WebGL(26740C00)::ForceLoseContext
WebGL(2A35D800)::ForceLoseContext
WebGL(2A35F000)::ForceLoseContext
JavaScript error: resource:///modules/sessionstore/SessionStore.jsm, line 1845: TypeError: subject.QueryInterface is not a function
A content process crashed and MOZ_CRASHREPORTER_SHUTDOWN is set, shutting down
1581861307640	Marionette	INFO	Stopped listening on port 51608

###!!! [Child][RunMessage] Error: Channel closing: too late to send/recv, messages will be lost


###!!! [Child][MessageChannel::SendAndWait] Error: Channel error: cannot send/recv

